#
# A fatal error has been detected by the Java Runtime Environment:
#
#  SIGBUS (0xa) at pc=0x00000001015736ec, pid=28704, tid=14087
#
# JRE version: Java(TM) SE Runtime Environment (8.0_31-b13) (build 1.8.0_31-b13)
# Java VM: Java HotSpot(TM) 64-Bit Server VM (25.31-b07 mixed mode bsd-amd64 compressed oops)
# Problematic frame:
# V  [libjvm.dylib+0x5736ec]
#
# Failed to write core dump. Core dumps have been disabled. To enable core dumping, try "ulimit -c unlimited" before starting Java again
#
# If you would like to submit a bug report, please visit:
#   http://bugreport.java.com/bugreport/crash.jsp
#

---------------  T H R E A D  ---------------

Current thread (0x00007fb3f8812000):  JavaThread "JDWP Transport Listener: dt_socket" daemon [_thread_in_vm, id=14087, stack(0x000070000e820000,0x000070000e920000)]

siginfo: si_signo: 10 (SIGBUS), si_code: 2 (BUS_ADRERR), si_addr: 0x000070000df07ff8

Registers:
RAX=0x00000007ab6d5f00, RBX=0x00007fb3f7ae9c10, RCX=0x00007fb3f78e6190, RDX=0x00000001089aa010
RSP=0x000070000e91f130, RBP=0x000070000e91f220, RSI=0x000070000df08000, RDI=0x000070000e91f190
R8 =0x0000000000000000, R9 =0x00000000000080c0, R10=0x0000000000000000, R11=0x0000000000000751
R12=0x000070000df07ff0, R13=0x0000000000000000, R14=0x00007fb3f7aea210, R15=0x000070000e91f1c8
RIP=0x00000001015736ec, EFLAGS=0x0000000000010206, ERR=0x0000000000000004
  TRAPNO=0x000000000000000e

Top of Stack: (sp=0x000070000e91f130)
0x000070000e91f130:   000070000e001d20 000000010ba06665
0x000070000e91f140:   000000010b9f8310 0000000700000000
0x000070000e91f150:   000070000e001d60 000070000e001d20
0x000070000e91f160:   000070000e001d20 000000010ba06665
0x000070000e91f170:   000000010b9f8310 0000000700000000
0x000070000e91f180:   000070000e001d60 000070000e001d20
0x000070000e91f190:   000070000e001d20 000000010ba06665
0x000070000e91f1a0:   000000010b9f8310 00007fff00000000
0x000070000e91f1b0:   000070000e001d60 000070000e001d20
0x000070000e91f1c0:   00007fb3f78e6190 000070000e001d20
0x000070000e91f1d0:   000000010ba06665 000000010b9f8310
0x000070000e91f1e0:   0000000000000000 000070000e001d60
0x000070000e91f1f0:   000070000e001d20 00007fb3f7664fc0
0x000070000e91f200:   00000001017d8300 00007fb3f7ae9c10
0x000070000e91f210:   00007fb3f7ae9c10 00007fb3f8009800
0x000070000e91f220:   000070000e91f2f0 00000001013673e0
0x000070000e91f230:   000070000e91f250 0000000101442696
0x000070000e91f240:   00007fb3f8812000 000000000e91f2a8
0x000070000e91f250:   000070000e91f270 000000010143d9fe
0x000070000e91f260:   000070000e91f2a8 000070000e91f310
0x000070000e91f270:   00007fb3f7664fc0 00007fb3f8009800
0x000070000e91f280:   00007fb3f8009800 000070000e91f2a8
0x000070000e91f290:   000070000e91f2f0 00000001015339e7
0x000070000e91f2a0:   00007fb3f76014a0 00007fb3f7ae9c00
0x000070000e91f2b0:   00007fb3f7aea210 00007fb3f7af1be8
0x000070000e91f2c0:   00000000000083b0 00007fb3f8009800
0x000070000e91f2d0:   00000001017d8300 00007fb3f7ae9c10
0x000070000e91f2e0:   00007fb3f8812000 0000000000000000
0x000070000e91f2f0:   000070000e91f980 0000000101368390
0x000070000e91f300:   00007fb3f7700570 00007fb3f7664fc0
0x000070000e91f310:   000070000e91f4a6 000000000000000a
0x000070000e91f320:   000070000e91f340 00000001010a2090 

Instructions: (pc=0x00000001015736ec)
0x00000001015736cc:   48 8b 4b 30 48 89 8d 68 ff ff ff 48 8d bd 40 ff
0x00000001015736dc:   ff ff 48 89 c6 e8 c6 6e cc ff 4c 8d 7d a8 eb 79
0x00000001015736ec:   4d 8b 6c 24 08 31 f6 bf 20 00 00 00 e8 b5 7b f3
0x00000001015736fc:   ff 48 85 c0 74 17 4c 89 28 48 c7 40 10 00 00 00 

Register to memory mapping:

RAX=0x00000007ab6d5f00 is an oop
java.lang.NullPointerException 
 - klass: 'java/lang/NullPointerException'
RBX=0x00007fb3f7ae9c10 is an unknown value
RCX=0x00007fb3f78e6190 is an unknown value
RDX=0x00000001089aa010 is an unknown value
RSP=0x000070000e91f130 is pointing into the stack for thread: 0x00007fb3f8812000
RBP=0x000070000e91f220 is pointing into the stack for thread: 0x00007fb3f8812000
RSI=0x000070000df08000 is pointing into the stack for thread: 0x00007fb3f8009800
RDI=0x000070000e91f190 is pointing into the stack for thread: 0x00007fb3f8812000
R8 =0x0000000000000000 is an unknown value
R9 =0x00000000000080c0 is an unknown value
R10=0x0000000000000000 is an unknown value
R11=0x0000000000000751 is an unknown value
R12=0x000070000df07ff0 is pointing into the stack for thread: 0x00007fb3f8009800
R13=0x0000000000000000 is an unknown value
R14=0x00007fb3f7aea210 is an unknown value
R15=0x000070000e91f1c8 is pointing into the stack for thread: 0x00007fb3f8812000


Stack: [0x000070000e820000,0x000070000e920000],  sp=0x000070000e91f130,  free space=1020k
Native frames: (J=compiled Java code, j=interpreted, Vv=VM code, C=native code)
V  [libjvm.dylib+0x5736ec]
V  [libjvm.dylib+0x3673e0]
V  [libjvm.dylib+0x368390]
V  [libjvm.dylib+0x364e37]
V  [libjvm.dylib+0x33a67d]
C  [libjdwp.dylib+0x8570]  ownedMonitors+0xe7
C  [libjdwp.dylib+0xe8f6]  debugLoop_run+0x1ce
C  [libjdwp.dylib+0x1f716]  attachThread+0x4d
V  [libjvm.dylib+0x3761fe]
V  [libjvm.dylib+0x5360cf]
V  [libjvm.dylib+0x53780c]
V  [libjvm.dylib+0x45d772]
C  [libsystem_pthread.dylib+0x3661]  _pthread_body+0x154
C  [libsystem_pthread.dylib+0x350d]  _pthread_body+0x0
C  [libsystem_pthread.dylib+0x2bf9]  thread_start+0xd
C  0x0000000000000000


---------------  P R O C E S S  ---------------

Java Threads: ( => current thread )
  0x00007fb3f89ac800 JavaThread "Exec Stream Pumper" daemon [_thread_in_native, id=42755, stack(0x000070000f36c000,0x000070000f46c000)]
  0x00007fb3f7a30000 JavaThread "Exec Stream Pumper" daemon [_thread_in_native, id=22275, stack(0x000070000f269000,0x000070000f369000)]
  0x00007fb3f89e3800 JavaThread "process reaper" daemon [_thread_in_native, id=43267, stack(0x000070000f23e000,0x000070000f266000)]
  0x00007fb3f89ac000 JavaThread "Exec Default Executor" daemon [_thread_blocked, id=21763, stack(0x000070000f13b000,0x000070000f23b000)]
  0x00007fb3f8924800 JavaThread "ReaderThread" [_thread_in_native, id=16387, stack(0x000070000f038000,0x000070000f138000)]
  0x00007fb3f8843800 JavaThread "Service Thread" daemon [_thread_blocked, id=16899, stack(0x000070000ee32000,0x000070000ef32000)]
  0x00007fb3f8008800 JavaThread "C1 CompilerThread2" daemon [_thread_blocked, id=15107, stack(0x000070000ed2f000,0x000070000ee2f000)]
  0x00007fb3f9022800 JavaThread "C2 CompilerThread1" daemon [_thread_blocked, id=17155, stack(0x000070000ec2c000,0x000070000ed2c000)]
  0x00007fb3f8017800 JavaThread "C2 CompilerThread0" daemon [_thread_blocked, id=17411, stack(0x000070000eb29000,0x000070000ec29000)]
  0x00007fb3f781e800 JavaThread "JDWP Command Reader" daemon [_thread_in_native, id=17923, stack(0x000070000ea26000,0x000070000eb26000)]
  0x00007fb3f8813000 JavaThread "JDWP Event Helper Thread" daemon [_thread_blocked, id=18179, stack(0x000070000e923000,0x000070000ea23000)]
=>0x00007fb3f8812000 JavaThread "JDWP Transport Listener: dt_socket" daemon [_thread_in_vm, id=14087, stack(0x000070000e820000,0x000070000e920000)]
  0x00007fb3f901e800 JavaThread "Signal Dispatcher" daemon [_thread_blocked, id=13827, stack(0x000070000e71d000,0x000070000e81d000)]
  0x00007fb3f8836800 JavaThread "Finalizer" daemon [_thread_blocked, id=20739, stack(0x000070000e61a000,0x000070000e71a000)]
  0x00007fb3f9015000 JavaThread "Reference Handler" daemon [_thread_blocked, id=11779, stack(0x000070000e517000,0x000070000e617000)]
  0x00007fb3f8009800 JavaThread "Forwarding newSession on session null to remote" [_thread_blocked, id=5635, stack(0x000070000df05000,0x000070000e005000)]

Other Threads:
  0x00007fb3f783c800 VMThread [stack: 0x000070000e414000,0x000070000e514000] [id=11523]
  0x00007fb3f9010000 WatcherThread [stack: 0x000070000ef35000,0x000070000f035000] [id=16643]

VM state:not at safepoint (normal execution)

VM Mutex/Monitor currently owned by a thread: None

Heap:
 PSYoungGen      total 18944K, used 14938K [0x00000007aab00000, 0x00000007ad000000, 0x00000007c0000000)
  eden space 16384K, 75% used [0x00000007aab00000,0x00000007ab71e978,0x00000007abb00000)
  from space 2560K, 98% used [0x00000007abd80000,0x00000007abff8030,0x00000007ac000000)
  to   space 2560K, 0% used [0x00000007abb00000,0x00000007abb00000,0x00000007abd80000)
 ParOldGen       total 44032K, used 2626K [0x0000000780000000, 0x0000000782b00000, 0x00000007aab00000)
  object space 44032K, 5% used [0x0000000780000000,0x0000000780290b38,0x0000000782b00000)
 Metaspace       used 14875K, capacity 15458K, committed 15616K, reserved 1062912K
  class space    used 1873K, capacity 2021K, committed 2048K, reserved 1048576K

Card table byte_map: [0x00000001023af000,0x00000001025b0000] byte_map_base: 0x00000000fe7af000

Marking Bits: (ParMarkBitMap*) 0x000000010189e410
 Begin Bits: [0x0000000102706000, 0x0000000103706000)
 End Bits:   [0x0000000103706000, 0x0000000104706000)

Polling page: 0x00000001007f6000

CodeCache: size=245760Kb used=4438Kb max_used=4446Kb free=241321Kb
 bounds [0x000000010b9f3000, 0x000000010be53000, 0x000000011a9f3000]
 total_blobs=1582 nmethods=1218 adapters=287
 compilation: enabled

Compilation events (10 events):
Event: 2.297 Thread 0x00007fb3f8008800 1215       3       jdk.internal.org.objectweb.asm.MethodWriter::put (1599 bytes)
Event: 2.306 Thread 0x00007fb3f8008800 nmethod 1215 0x000000010be418d0 code [0x000000010be42180, 0x000000010be45d18]
Event: 2.306 Thread 0x00007fb3f8008800 1213       3       jdk.internal.org.objectweb.asm.MethodWriter::visitEnd (1 bytes)
Event: 2.306 Thread 0x00007fb3f8008800 nmethod 1213 0x000000010be33c10 code [0x000000010be33d60, 0x000000010be33eb0]
Event: 2.306 Thread 0x00007fb3f8008800 1216       3       java.lang.invoke.InnerClassLambdaMetafactory::getLoadOpcode (25 bytes)
Event: 2.307 Thread 0x00007fb3f8008800 nmethod 1216 0x000000010be38b10 code [0x000000010be38ca0, 0x000000010be38ed8]
Event: 2.307 Thread 0x00007fb3f8008800 1217       3       java.lang.invoke.InnerClassLambdaMetafactory::getParameterSize (27 bytes)
Event: 2.307 Thread 0x00007fb3f8008800 nmethod 1217 0x000000010be38710 code [0x000000010be38880, 0x000000010be38ab0]
Event: 2.315 Thread 0x00007fb3f9022800 nmethod 1205 0x000000010be48490 code [0x000000010be48860, 0x000000010be49ec0]
Event: 2.339 Thread 0x00007fb3f8017800 nmethod 1214 0x000000010be4b010 code [0x000000010be4b260, 0x000000010be4c490]

GC Heap History (4 events):
Event: 1.273 GC heap before
{Heap before GC invocations=1 (full 0):
 PSYoungGen      total 18944K, used 16384K [0x00000007aab00000, 0x00000007ac000000, 0x00000007c0000000)
  eden space 16384K, 100% used [0x00000007aab00000,0x00000007abb00000,0x00000007abb00000)
  from space 2560K, 0% used [0x00000007abd80000,0x00000007abd80000,0x00000007ac000000)
  to   space 2560K, 0% used [0x00000007abb00000,0x00000007abb00000,0x00000007abd80000)
 ParOldGen       total 44032K, used 0K [0x0000000780000000, 0x0000000782b00000, 0x00000007aab00000)
  object space 44032K, 0% used [0x0000000780000000,0x0000000780000000,0x0000000782b00000)
 Metaspace       used 8079K, capacity 8224K, committed 8448K, reserved 1056768K
  class space    used 930K, capacity 978K, committed 1024K, reserved 1048576K
Event: 1.285 GC heap after
Heap after GC invocations=1 (full 0):
 PSYoungGen      total 18944K, used 2555K [0x00000007aab00000, 0x00000007ac000000, 0x00000007c0000000)
  eden space 16384K, 0% used [0x00000007aab00000,0x00000007aab00000,0x00000007abb00000)
  from space 2560K, 99% used [0x00000007abb00000,0x00000007abd7eed8,0x00000007abd80000)
  to   space 2560K, 0% used [0x00000007abd80000,0x00000007abd80000,0x00000007ac000000)
 ParOldGen       total 44032K, used 750K [0x0000000780000000, 0x0000000782b00000, 0x00000007aab00000)
  object space 44032K, 1% used [0x0000000780000000,0x00000007800bba78,0x0000000782b00000)
 Metaspace       used 8079K, capacity 8224K, committed 8448K, reserved 1056768K
  class space    used 930K, capacity 978K, committed 1024K, reserved 1048576K
}
Event: 1.905 GC heap before
{Heap before GC invocations=2 (full 0):
 PSYoungGen      total 18944K, used 18939K [0x00000007aab00000, 0x00000007ac000000, 0x00000007c0000000)
  eden space 16384K, 100% used [0x00000007aab00000,0x00000007abb00000,0x00000007abb00000)
  from space 2560K, 99% used [0x00000007abb00000,0x00000007abd7eed8,0x00000007abd80000)
  to   space 2560K, 0% used [0x00000007abd80000,0x00000007abd80000,0x00000007ac000000)
 ParOldGen       total 44032K, used 750K [0x0000000780000000, 0x0000000782b00000, 0x00000007aab00000)
  object space 44032K, 1% used [0x0000000780000000,0x00000007800bba78,0x0000000782b00000)
 Metaspace       used 12468K, capacity 12612K, committed 12928K, reserved 1060864K
  class space    used 1483K, capacity 1538K, committed 1664K, reserved 1048576K
Event: 1.913 GC heap after
Heap after GC invocations=2 (full 0):
 PSYoungGen      total 18944K, used 2528K [0x00000007aab00000, 0x00000007ad000000, 0x00000007c0000000)
  eden space 16384K, 0% used [0x00000007aab00000,0x00000007aab00000,0x00000007abb00000)
  from space 2560K, 98% used [0x00000007abd80000,0x00000007abff8030,0x00000007ac000000)
  to   space 2560K, 0% used [0x00000007abb00000,0x00000007abb00000,0x00000007abd80000)
 ParOldGen       total 44032K, used 2626K [0x0000000780000000, 0x0000000782b00000, 0x00000007aab00000)
  object space 44032K, 5% used [0x0000000780000000,0x0000000780290b38,0x0000000782b00000)
 Metaspace       used 12468K, capacity 12612K, committed 12928K, reserved 1060864K
  class space    used 1483K, capacity 1538K, committed 1664K, reserved 1048576K
}

Deoptimization events (2 events):
Event: 1.811 Thread 0x00007fb3f8009800 Uncommon trap: reason=bimorphic action=maybe_recompile pc=0x000000010bd5e5b8 method=java.util.HashMap.putVal(ILjava/lang/Object;Ljava/lang/Object;ZZ)Ljava/lang/Object; @ 203
Event: 1.872 Thread 0x00007fb3f8009800 Uncommon trap: reason=range_check action=make_not_entrant pc=0x000000010bd9be34 method=sun.reflect.generics.parser.SignatureParser.current()C @ 34

Internal exceptions (10 events):
Event: 2.281 Thread 0x00007fb3f8009800 Exception <a 'java/security/PrivilegedActionException'> (0x00000007ab65dd88) thrown at [/Users/java_re/workspace/8-2-build-macosx-x86_64/jdk8u31/2394/hotspot/src/share/vm/prims/jvm.cpp, line 1312]
Event: 2.282 Thread 0x00007fb3f8009800 Exception <a 'java/security/PrivilegedActionException'> (0x00000007ab666468) thrown at [/Users/java_re/workspace/8-2-build-macosx-x86_64/jdk8u31/2394/hotspot/src/share/vm/prims/jvm.cpp, line 1312]
Event: 2.283 Thread 0x00007fb3f8009800 Exception <a 'java/security/PrivilegedActionException'> (0x00000007ab66e6b8) thrown at [/Users/java_re/workspace/8-2-build-macosx-x86_64/jdk8u31/2394/hotspot/src/share/vm/prims/jvm.cpp, line 1312]
Event: 2.284 Thread 0x00007fb3f8009800 Exception <a 'java/security/PrivilegedActionException'> (0x00000007ab676e90) thrown at [/Users/java_re/workspace/8-2-build-macosx-x86_64/jdk8u31/2394/hotspot/src/share/vm/prims/jvm.cpp, line 1312]
Event: 2.285 Thread 0x00007fb3f8009800 Exception <a 'java/security/PrivilegedActionException'> (0x00000007ab681550) thrown at [/Users/java_re/workspace/8-2-build-macosx-x86_64/jdk8u31/2394/hotspot/src/share/vm/prims/jvm.cpp, line 1312]
Event: 2.287 Thread 0x00007fb3f8009800 Exception <a 'java/security/PrivilegedActionException'> (0x00000007ab68d770) thrown at [/Users/java_re/workspace/8-2-build-macosx-x86_64/jdk8u31/2394/hotspot/src/share/vm/prims/jvm.cpp, line 1312]
Event: 2.291 Thread 0x00007fb3f8009800 Exception <a 'java/security/PrivilegedActionException'> (0x00000007ab69a080) thrown at [/Users/java_re/workspace/8-2-build-macosx-x86_64/jdk8u31/2394/hotspot/src/share/vm/prims/jvm.cpp, line 1312]
Event: 2.292 Thread 0x00007fb3f8009800 Exception <a 'java/security/PrivilegedActionException'> (0x00000007ab6a3190) thrown at [/Users/java_re/workspace/8-2-build-macosx-x86_64/jdk8u31/2394/hotspot/src/share/vm/prims/jvm.cpp, line 1312]
Event: 2.301 Thread 0x00007fb3f8009800 Exception <a 'java/security/PrivilegedActionException'> (0x00000007ab6bbaf0) thrown at [/Users/java_re/workspace/8-2-build-macosx-x86_64/jdk8u31/2394/hotspot/src/share/vm/prims/jvm.cpp, line 1312]
Event: 2.303 Thread 0x00007fb3f8009800 Exception <a 'java/security/PrivilegedActionException'> (0x00000007ab6ca1e8) thrown at [/Users/java_re/workspace/8-2-build-macosx-x86_64/jdk8u31/2394/hotspot/src/share/vm/prims/jvm.cpp, line 1312]

Events (10 events):
Event: 928.639 Executing VM operation: ChangeSingleStep
Event: 928.639 Executing VM operation: ChangeSingleStep done
Event: 928.639 Executing VM operation: ChangeSingleStep
Event: 928.639 Executing VM operation: ChangeSingleStep done
Event: 928.646 Executing VM operation: RedefineClasses
Event: 928.654 Executing VM operation: RedefineClasses done
Event: 1057.617 Executing VM operation: ChangeBreakpoints
Event: 1057.628 Executing VM operation: ChangeBreakpoints done
Event: 1062.202 Executing VM operation: ChangeBreakpoints
Event: 1062.202 Executing VM operation: ChangeBreakpoints done


Dynamic libraries:
0x000000002aa16000 	/System/Library/Frameworks/Cocoa.framework/Versions/A/Cocoa
0x000000002aa16000 	/System/Library/Frameworks/Security.framework/Versions/A/Security
0x000000002aa16000 	/System/Library/Frameworks/ApplicationServices.framework/Versions/A/ApplicationServices
0x000000002aa16000 	/usr/lib/libz.1.dylib
0x000000002aa16000 	/usr/lib/libSystem.B.dylib
0x000000002aa16000 	/usr/lib/libobjc.A.dylib
0x000000002aa16000 	/System/Library/Frameworks/CoreFoundation.framework/Versions/A/CoreFoundation
0x000000002aa16000 	/System/Library/Frameworks/Foundation.framework/Versions/C/Foundation
0x000000002aa16000 	/System/Library/Frameworks/AppKit.framework/Versions/C/AppKit
0x000000002aa16000 	/System/Library/Frameworks/CoreData.framework/Versions/A/CoreData
0x000000002aa16000 	/System/Library/PrivateFrameworks/RemoteViewServices.framework/Versions/A/RemoteViewServices
0x000000002aa16000 	/System/Library/PrivateFrameworks/UIFoundation.framework/Versions/A/UIFoundation
0x000000002aa16000 	/System/Library/PrivateFrameworks/DFRFoundation.framework/Versions/A/DFRFoundation
0x000000002aa16000 	/System/Library/Frameworks/Metal.framework/Versions/A/Metal
0x000000002aa16000 	/System/Library/PrivateFrameworks/DesktopServicesPriv.framework/Versions/A/DesktopServicesPriv
0x000000002aa16000 	/usr/lib/libenergytrace.dylib
0x000000002aa16000 	/System/Library/PrivateFrameworks/SkyLight.framework/Versions/A/SkyLight
0x000000002aa16000 	/System/Library/Frameworks/CoreGraphics.framework/Versions/A/CoreGraphics
0x000000002aa16000 	/usr/lib/libScreenReader.dylib
0x000000002aa16000 	/System/Library/Frameworks/Accelerate.framework/Versions/A/Accelerate
0x000000002aa16000 	/System/Library/Frameworks/IOSurface.framework/Versions/A/IOSurface
0x000000002aa16000 	/System/Library/Frameworks/AudioToolbox.framework/Versions/A/AudioToolbox
0x000000002aa16000 	/System/Library/Frameworks/AudioUnit.framework/Versions/A/AudioUnit
0x000000002aa16000 	/System/Library/PrivateFrameworks/DataDetectorsCore.framework/Versions/A/DataDetectorsCore
0x000000002aa16000 	/System/Library/Frameworks/Carbon.framework/Versions/A/Frameworks/HIToolbox.framework/Versions/A/HIToolbox
0x000000002aa16000 	/usr/lib/libicucore.A.dylib
0x000000002aa16000 	/System/Library/Frameworks/QuartzCore.framework/Versions/A/QuartzCore
0x000000002aa16000 	/System/Library/PrivateFrameworks/SignpostNotification.framework/Versions/A/SignpostNotification
0x000000002aa16000 	/System/Library/Frameworks/Carbon.framework/Versions/A/Frameworks/SpeechRecognition.framework/Versions/A/SpeechRecognition
0x000000002aa16000 	/usr/lib/libauto.dylib
0x000000002aa16000 	/usr/lib/libxml2.2.dylib
0x000000002aa16000 	/System/Library/PrivateFrameworks/CoreUI.framework/Versions/A/CoreUI
0x000000002aa16000 	/System/Library/Frameworks/CoreAudio.framework/Versions/A/CoreAudio
0x000000002aa16000 	/System/Library/Frameworks/DiskArbitration.framework/Versions/A/DiskArbitration
0x000000002aa16000 	/usr/lib/liblangid.dylib
0x000000002aa16000 	/System/Library/PrivateFrameworks/MultitouchSupport.framework/Versions/A/MultitouchSupport
0x000000002aa16000 	/System/Library/Frameworks/IOKit.framework/Versions/A/IOKit
0x000000002aa16000 	/usr/lib/libDiagnosticMessagesClient.dylib
0x000000002aa16000 	/System/Library/Frameworks/CoreServices.framework/Versions/A/CoreServices
0x000000002aa16000 	/System/Library/PrivateFrameworks/PerformanceAnalysis.framework/Versions/A/PerformanceAnalysis
0x000000002aa16000 	/System/Library/Frameworks/OpenGL.framework/Versions/A/OpenGL
0x000000002aa16000 	/System/Library/Frameworks/ColorSync.framework/Versions/A/ColorSync
0x000000002aa16000 	/System/Library/Frameworks/CoreImage.framework/Versions/A/CoreImage
0x000000002aa16000 	/System/Library/Frameworks/CoreText.framework/Versions/A/CoreText
0x000000002aa16000 	/System/Library/Frameworks/ImageIO.framework/Versions/A/ImageIO
0x000000002aa16000 	/System/Library/PrivateFrameworks/Backup.framework/Versions/A/Backup
0x000000002aa16000 	/usr/lib/libarchive.2.dylib
0x000000002aa16000 	/System/Library/Frameworks/CFNetwork.framework/Versions/A/CFNetwork
0x000000002aa16000 	/System/Library/Frameworks/SystemConfiguration.framework/Versions/A/SystemConfiguration
0x000000002aa16000 	/usr/lib/libCRFSuite.dylib
0x000000002aa16000 	/usr/lib/libc++.1.dylib
0x000000002aa16000 	/usr/lib/libc++abi.dylib
0x000000002aa16000 	/usr/lib/system/libcache.dylib
0x000000002aa16000 	/usr/lib/system/libcommonCrypto.dylib
0x000000002aa16000 	/usr/lib/system/libcompiler_rt.dylib
0x000000002aa16000 	/usr/lib/system/libcopyfile.dylib
0x000000002aa16000 	/usr/lib/system/libcorecrypto.dylib
0x000000002aa16000 	/usr/lib/system/libdispatch.dylib
0x000000002aa16000 	/usr/lib/system/libdyld.dylib
0x000000002aa16000 	/usr/lib/system/libkeymgr.dylib
0x000000002aa16000 	/usr/lib/system/liblaunch.dylib
0x000000002aa16000 	/usr/lib/system/libmacho.dylib
0x000000002aa16000 	/usr/lib/system/libquarantine.dylib
0x000000002aa16000 	/usr/lib/system/libremovefile.dylib
0x000000002aa16000 	/usr/lib/system/libsystem_asl.dylib
0x000000002aa16000 	/usr/lib/system/libsystem_blocks.dylib
0x000000002aa16000 	/usr/lib/system/libsystem_c.dylib
0x000000002aa16000 	/usr/lib/system/libsystem_configuration.dylib
0x000000002aa16000 	/usr/lib/system/libsystem_coreservices.dylib
0x000000002aa16000 	/usr/lib/system/libsystem_darwin.dylib
0x000000002aa16000 	/usr/lib/system/libsystem_dnssd.dylib
0x000000002aa16000 	/usr/lib/system/libsystem_info.dylib
0x000000002aa16000 	/usr/lib/system/libsystem_m.dylib
0x000000002aa16000 	/usr/lib/system/libsystem_malloc.dylib
0x000000002aa16000 	/usr/lib/system/libsystem_network.dylib
0x000000002aa16000 	/usr/lib/system/libsystem_networkextension.dylib
0x000000002aa16000 	/usr/lib/system/libsystem_notify.dylib
0x000000002aa16000 	/usr/lib/system/libsystem_sandbox.dylib
0x000000002aa16000 	/usr/lib/system/libsystem_secinit.dylib
0x000000002aa16000 	/usr/lib/system/libsystem_kernel.dylib
0x000000002aa16000 	/usr/lib/system/libsystem_platform.dylib
0x000000002aa16000 	/usr/lib/system/libsystem_pthread.dylib
0x000000002aa16000 	/usr/lib/system/libsystem_symptoms.dylib
0x000000002aa16000 	/usr/lib/system/libsystem_trace.dylib
0x000000002aa16000 	/usr/lib/system/libunwind.dylib
0x000000002aa16000 	/usr/lib/system/libxpc.dylib
0x000000002aa16000 	/usr/lib/closure/libclosured.dylib
0x000000002aa16000 	/usr/lib/libbsm.0.dylib
0x000000002aa16000 	/usr/lib/system/libkxld.dylib
0x000000002aa16000 	/usr/lib/libOpenScriptingUtil.dylib
0x000000002aa16000 	/usr/lib/libcoretls.dylib
0x000000002aa16000 	/usr/lib/libcoretls_cfhelpers.dylib
0x000000002aa16000 	/usr/lib/libpam.2.dylib
0x000000002aa16000 	/usr/lib/libsqlite3.dylib
0x000000002aa16000 	/usr/lib/libxar.1.dylib
0x000000002aa16000 	/usr/lib/libbz2.1.0.dylib
0x000000002aa16000 	/usr/lib/liblzma.5.dylib
0x000000002aa16000 	/usr/lib/libnetwork.dylib
0x000000002aa16000 	/usr/lib/libapple_nghttp2.dylib
0x000000002aa16000 	/usr/lib/libpcap.A.dylib
0x000000002aa16000 	/usr/lib/libboringssl.dylib
0x000000002aa16000 	/usr/lib/libusrtcp.dylib
0x000000002aa16000 	/usr/lib/libapple_crypto.dylib
0x000000002aa16000 	/System/Library/Frameworks/CoreServices.framework/Versions/A/Frameworks/FSEvents.framework/Versions/A/FSEvents
0x000000002aa16000 	/System/Library/Frameworks/CoreServices.framework/Versions/A/Frameworks/CarbonCore.framework/Versions/A/CarbonCore
0x000000002aa16000 	/System/Library/Frameworks/CoreServices.framework/Versions/A/Frameworks/Metadata.framework/Versions/A/Metadata
0x000000002aa16000 	/System/Library/Frameworks/CoreServices.framework/Versions/A/Frameworks/OSServices.framework/Versions/A/OSServices
0x000000002aa16000 	/System/Library/Frameworks/CoreServices.framework/Versions/A/Frameworks/SearchKit.framework/Versions/A/SearchKit
0x000000002aa16000 	/System/Library/Frameworks/CoreServices.framework/Versions/A/Frameworks/AE.framework/Versions/A/AE
0x000000002aa16000 	/System/Library/Frameworks/CoreServices.framework/Versions/A/Frameworks/LaunchServices.framework/Versions/A/LaunchServices
0x000000002aa16000 	/System/Library/Frameworks/CoreServices.framework/Versions/A/Frameworks/DictionaryServices.framework/Versions/A/DictionaryServices
0x000000002aa16000 	/System/Library/Frameworks/CoreServices.framework/Versions/A/Frameworks/SharedFileList.framework/Versions/A/SharedFileList
0x000000002aa16000 	/System/Library/Frameworks/NetFS.framework/Versions/A/NetFS
0x000000002aa16000 	/System/Library/PrivateFrameworks/NetAuth.framework/Versions/A/NetAuth
0x000000002aa16000 	/System/Library/PrivateFrameworks/login.framework/Versions/A/Frameworks/loginsupport.framework/Versions/A/loginsupport
0x000000002aa16000 	/System/Library/PrivateFrameworks/TCC.framework/Versions/A/TCC
0x000000002aa16000 	/usr/lib/libmecabra.dylib
0x000000002aa16000 	/System/Library/Frameworks/ApplicationServices.framework/Versions/A/Frameworks/ATS.framework/Versions/A/ATS
0x000000002aa16000 	/System/Library/Frameworks/ApplicationServices.framework/Versions/A/Frameworks/ColorSyncLegacy.framework/Versions/A/ColorSyncLegacy
0x000000002aa16000 	/System/Library/Frameworks/ApplicationServices.framework/Versions/A/Frameworks/HIServices.framework/Versions/A/HIServices
0x000000002aa16000 	/System/Library/Frameworks/ApplicationServices.framework/Versions/A/Frameworks/LangAnalysis.framework/Versions/A/LangAnalysis
0x000000002aa16000 	/System/Library/Frameworks/ApplicationServices.framework/Versions/A/Frameworks/PrintCore.framework/Versions/A/PrintCore
0x000000002aa16000 	/System/Library/Frameworks/ApplicationServices.framework/Versions/A/Frameworks/QD.framework/Versions/A/QD
0x000000002aa16000 	/System/Library/Frameworks/ApplicationServices.framework/Versions/A/Frameworks/SpeechSynthesis.framework/Versions/A/SpeechSynthesis
0x000000002aa16000 	/System/Library/Frameworks/CoreDisplay.framework/Versions/A/CoreDisplay
0x000000002aa16000 	/System/Library/Frameworks/Accelerate.framework/Versions/A/Frameworks/vImage.framework/Versions/A/vImage
0x000000002aa16000 	/System/Library/Frameworks/Accelerate.framework/Versions/A/Frameworks/vecLib.framework/Versions/A/vecLib
0x000000002aa16000 	/System/Library/Frameworks/Accelerate.framework/Versions/A/Frameworks/vecLib.framework/Versions/A/libvDSP.dylib
0x000000002aa16000 	/System/Library/Frameworks/Accelerate.framework/Versions/A/Frameworks/vecLib.framework/Versions/A/libBNNS.dylib
0x000000002aa16000 	/System/Library/Frameworks/Accelerate.framework/Versions/A/Frameworks/vecLib.framework/Versions/A/libQuadrature.dylib
0x000000002aa16000 	/System/Library/Frameworks/Accelerate.framework/Versions/A/Frameworks/vecLib.framework/Versions/A/libvMisc.dylib
0x000000002aa16000 	/System/Library/Frameworks/Accelerate.framework/Versions/A/Frameworks/vecLib.framework/Versions/A/libLAPACK.dylib
0x000000002aa16000 	/System/Library/Frameworks/Accelerate.framework/Versions/A/Frameworks/vecLib.framework/Versions/A/libBLAS.dylib
0x000000002aa16000 	/System/Library/Frameworks/Accelerate.framework/Versions/A/Frameworks/vecLib.framework/Versions/A/libLinearAlgebra.dylib
0x000000002aa16000 	/System/Library/Frameworks/Accelerate.framework/Versions/A/Frameworks/vecLib.framework/Versions/A/libSparse.dylib
0x000000002aa16000 	/System/Library/Frameworks/Accelerate.framework/Versions/A/Frameworks/vecLib.framework/Versions/A/libSparseBLAS.dylib
0x000000002aa16000 	/System/Library/PrivateFrameworks/GPUWrangler.framework/Versions/A/GPUWrangler
0x000000002aa16000 	/System/Library/PrivateFrameworks/IOAccelerator.framework/Versions/A/IOAccelerator
0x000000002aa16000 	/System/Library/PrivateFrameworks/IOPresentment.framework/Versions/A/IOPresentment
0x000000002aa16000 	/System/Library/PrivateFrameworks/DSExternalDisplay.framework/Versions/A/DSExternalDisplay
0x000000002aa16000 	/System/Library/Frameworks/OpenGL.framework/Versions/A/Libraries/libCoreFSCache.dylib
0x000000002aa16000 	/System/Library/Frameworks/CoreVideo.framework/Versions/A/CoreVideo
0x000000002aa16000 	/System/Library/PrivateFrameworks/GraphVisualizer.framework/Versions/A/GraphVisualizer
0x000000002aa16000 	/System/Library/Frameworks/MetalPerformanceShaders.framework/Versions/A/MetalPerformanceShaders
0x000000002aa16000 	/usr/lib/libFosl_dynamic.dylib
0x000000002aa16000 	/System/Library/PrivateFrameworks/FaceCore.framework/Versions/A/FaceCore
0x000000002aa16000 	/System/Library/Frameworks/OpenCL.framework/Versions/A/OpenCL
0x000000002aa16000 	/usr/lib/libcompression.dylib
0x000000002aa16000 	/System/Library/Frameworks/ApplicationServices.framework/Versions/A/Frameworks/ATS.framework/Versions/A/Resources/libFontParser.dylib
0x000000002aa16000 	/System/Library/Frameworks/ApplicationServices.framework/Versions/A/Frameworks/ATS.framework/Versions/A/Resources/libFontRegistry.dylib
0x000000002aa16000 	/System/Library/Frameworks/ImageIO.framework/Versions/A/Resources/libJPEG.dylib
0x000000002aa16000 	/System/Library/Frameworks/ImageIO.framework/Versions/A/Resources/libTIFF.dylib
0x000000002aa16000 	/System/Library/Frameworks/ImageIO.framework/Versions/A/Resources/libPng.dylib
0x000000002aa16000 	/System/Library/Frameworks/ImageIO.framework/Versions/A/Resources/libGIF.dylib
0x000000002aa16000 	/System/Library/Frameworks/ImageIO.framework/Versions/A/Resources/libJP2.dylib
0x000000002aa16000 	/System/Library/Frameworks/ImageIO.framework/Versions/A/Resources/libRadiance.dylib
0x000000002aa16000 	/System/Library/PrivateFrameworks/AppleJPEG.framework/Versions/A/AppleJPEG
0x000000002aa16000 	/System/Library/Frameworks/MetalPerformanceShaders.framework/Frameworks/MPSCore.framework/Versions/A/MPSCore
0x000000002aa16000 	/System/Library/Frameworks/MetalPerformanceShaders.framework/Frameworks/MPSImage.framework/Versions/A/MPSImage
0x000000002aa16000 	/System/Library/Frameworks/MetalPerformanceShaders.framework/Frameworks/MPSNeuralNetwork.framework/Versions/A/MPSNeuralNetwork
0x000000002aa16000 	/System/Library/Frameworks/MetalPerformanceShaders.framework/Frameworks/MPSMatrix.framework/Versions/A/MPSMatrix
0x000000002aa16000 	/System/Library/PrivateFrameworks/MetalTools.framework/Versions/A/MetalTools
0x000000002aa16000 	/System/Library/Frameworks/OpenGL.framework/Versions/A/Libraries/libGLU.dylib
0x000000002aa16000 	/System/Library/Frameworks/OpenGL.framework/Versions/A/Libraries/libGFXShared.dylib
0x000000002aa16000 	/System/Library/Frameworks/OpenGL.framework/Versions/A/Libraries/libGL.dylib
0x000000002aa16000 	/System/Library/Frameworks/OpenGL.framework/Versions/A/Libraries/libGLImage.dylib
0x000000002aa16000 	/System/Library/Frameworks/OpenGL.framework/Versions/A/Libraries/libCVMSPluginSupport.dylib
0x000000002aa16000 	/System/Library/Frameworks/OpenGL.framework/Versions/A/Libraries/libCoreVMClient.dylib
0x000000002aa16000 	/usr/lib/libcups.2.dylib
0x000000002aa16000 	/System/Library/Frameworks/Kerberos.framework/Versions/A/Kerberos
0x000000002aa16000 	/System/Library/Frameworks/GSS.framework/Versions/A/GSS
0x000000002aa16000 	/usr/lib/libresolv.9.dylib
0x000000002aa16000 	/usr/lib/libiconv.2.dylib
0x000000002aa16000 	/System/Library/PrivateFrameworks/Heimdal.framework/Versions/A/Heimdal
0x000000002aa16000 	/usr/lib/libheimdal-asn1.dylib
0x000000002aa16000 	/System/Library/Frameworks/OpenDirectory.framework/Versions/A/OpenDirectory
0x000000002aa16000 	/System/Library/PrivateFrameworks/CommonAuth.framework/Versions/A/CommonAuth
0x000000002aa16000 	/System/Library/Frameworks/OpenDirectory.framework/Versions/A/Frameworks/CFOpenDirectory.framework/Versions/A/CFOpenDirectory
0x000000002aa16000 	/System/Library/Frameworks/SecurityFoundation.framework/Versions/A/SecurityFoundation
0x000000002aa16000 	/System/Library/PrivateFrameworks/APFS.framework/Versions/A/APFS
0x000000002aa16000 	/usr/lib/libutil.dylib
0x000000002aa16000 	/System/Library/PrivateFrameworks/AppleSauce.framework/Versions/A/AppleSauce
0x000000002aa16000 	/System/Library/PrivateFrameworks/LinguisticData.framework/Versions/A/LinguisticData
0x000000002aa16000 	/usr/lib/libmarisa.dylib
0x000000002aa16000 	/System/Library/PrivateFrameworks/Lexicon.framework/Versions/A/Lexicon
0x000000002aa16000 	/usr/lib/libChineseTokenizer.dylib
0x000000002aa16000 	/usr/lib/libcmph.dylib
0x000000002aa16000 	/System/Library/PrivateFrameworks/LanguageModeling.framework/Versions/A/LanguageModeling
0x000000002aa16000 	/System/Library/PrivateFrameworks/CoreEmoji.framework/Versions/A/CoreEmoji
0x000000002aa16000 	/System/Library/Frameworks/ServiceManagement.framework/Versions/A/ServiceManagement
0x000000002aa16000 	/System/Library/PrivateFrameworks/BackgroundTaskManagement.framework/Versions/A/BackgroundTaskManagement
0x000000002aa16000 	/usr/lib/libxslt.1.dylib
0x000000002aa16000 	/System/Library/Frameworks/Carbon.framework/Versions/A/Frameworks/Ink.framework/Versions/A/Ink
0x000000002aa16000 	/System/Library/PrivateFrameworks/TextureIO.framework/Versions/A/TextureIO
0x000000002aa16000 	/usr/lib/libate.dylib
0x000000002aa16000 	/System/Library/PrivateFrameworks/CrashReporterSupport.framework/Versions/A/CrashReporterSupport
0x000000002aa16000 	/System/Library/PrivateFrameworks/Sharing.framework/Versions/A/Sharing
0x000000002aa16000 	/System/Library/PrivateFrameworks/IconServices.framework/Versions/A/IconServices
0x000000002aa16000 	/System/Library/PrivateFrameworks/Apple80211.framework/Versions/A/Apple80211
0x000000002aa16000 	/System/Library/PrivateFrameworks/CoreUtils.framework/Versions/A/CoreUtils
0x000000002aa16000 	/System/Library/Frameworks/CoreWLAN.framework/Versions/A/CoreWLAN
0x000000002aa16000 	/System/Library/Frameworks/IOBluetooth.framework/Versions/A/IOBluetooth
0x000000002aa16000 	/System/Library/PrivateFrameworks/ProtocolBuffer.framework/Versions/A/ProtocolBuffer
0x000000002aa16000 	/System/Library/PrivateFrameworks/CoreWiFi.framework/Versions/A/CoreWiFi
0x000000002aa16000 	/System/Library/Frameworks/CoreBluetooth.framework/Versions/A/CoreBluetooth
0x000000002aa16000 	/System/Library/PrivateFrameworks/DebugSymbols.framework/Versions/A/DebugSymbols
0x000000002aa16000 	/System/Library/PrivateFrameworks/CoreSymbolication.framework/Versions/A/CoreSymbolication
0x000000002aa16000 	/System/Library/PrivateFrameworks/Symbolication.framework/Versions/A/Symbolication
0x000000002aa16000 	/System/Library/PrivateFrameworks/AppleFSCompression.framework/Versions/A/AppleFSCompression
0x000000002aa16000 	/System/Library/PrivateFrameworks/SpeechRecognitionCore.framework/Versions/A/SpeechRecognitionCore
0x0000000101000000 	/Library/Java/JavaVirtualMachines/jdk1.8.0_31.jdk/Contents/Home/jre/lib/server/libjvm.dylib
0x000000002aa16000 	/usr/lib/libstdc++.6.0.9.dylib
0x00000001007e8000 	/Library/Java/JavaVirtualMachines/jdk1.8.0_31.jdk/Contents/Home/jre/lib/libverify.dylib
0x0000000101f1f000 	/Library/Java/JavaVirtualMachines/jdk1.8.0_31.jdk/Contents/Home/jre/lib/libjava.dylib
0x0000000101f53000 	/Library/Java/JavaVirtualMachines/jdk1.8.0_31.jdk/Contents/Home/jre/lib/libjdwp.dylib
0x00000001007f7000 	/Library/Java/JavaVirtualMachines/jdk1.8.0_31.jdk/Contents/Home/jre/lib/libnpt.dylib
0x0000000101fe6000 	/Library/Java/JavaVirtualMachines/jdk1.8.0_31.jdk/Contents/Home/jre/lib/libzip.dylib
0x000000002aa16000 	/System/Library/Frameworks/JavaVM.framework/Versions/A/Frameworks/JavaRuntimeSupport.framework/Versions/A/JavaRuntimeSupport
0x000000002aa16000 	/System/Library/Frameworks/JavaVM.framework/Versions/A/Frameworks/JavaNativeFoundation.framework/Versions/A/JavaNativeFoundation
0x000000002aa16000 	/System/Library/Frameworks/JavaVM.framework/Versions/A/JavaVM
0x000000002aa16000 	/System/Library/Frameworks/Carbon.framework/Versions/A/Carbon
0x000000002aa16000 	/System/Library/PrivateFrameworks/JavaLaunching.framework/Versions/A/JavaLaunching
0x000000002aa16000 	/System/Library/Frameworks/Carbon.framework/Versions/A/Frameworks/CommonPanels.framework/Versions/A/CommonPanels
0x000000002aa16000 	/System/Library/Frameworks/Carbon.framework/Versions/A/Frameworks/Help.framework/Versions/A/Help
0x000000002aa16000 	/System/Library/Frameworks/Carbon.framework/Versions/A/Frameworks/ImageCapture.framework/Versions/A/ImageCapture
0x000000002aa16000 	/System/Library/Frameworks/Carbon.framework/Versions/A/Frameworks/OpenScripting.framework/Versions/A/OpenScripting
0x000000002aa16000 	/System/Library/Frameworks/Carbon.framework/Versions/A/Frameworks/Print.framework/Versions/A/Print
0x000000002aa16000 	/System/Library/Frameworks/Carbon.framework/Versions/A/Frameworks/SecurityHI.framework/Versions/A/SecurityHI
0x0000000107db1000 	/Library/Java/JavaVirtualMachines/jdk1.8.0_31.jdk/Contents/Home/jre/lib/libdt_socket.dylib
0x0000000107fbb000 	/Library/Java/JavaVirtualMachines/jdk1.8.0_31.jdk/Contents/Home/jre/lib/libnet.dylib
0x0000000108191000 	/Library/Java/JavaVirtualMachines/jdk1.8.0_31.jdk/Contents/Home/jre/lib/libnio.dylib
0x00000001083a4000 	/Library/Java/JavaVirtualMachines/jdk1.8.0_31.jdk/Contents/Home/jre/lib/libsunec.dylib

VM Arguments:
jvm_args: -agentlib:jdwp=transport=dt_socket,suspend=y,address=localhost:56908 -ea -Dfile.encoding=UTF-8 
java_command: org.testng.remote.RemoteTestNG -serport 56907 -protocol json -d /Users/AmarGattu/Documents/workspace/merchantSampleWebProject1/test-output /var/folders/cs/8q7fw3fx5r19j88yf4pg3qd40000gn/T/testng-eclipse--2047254538/testng-customsuite.xml
java_class_path (initial): /Users/AmarGattu/Downloads/eclipse/configuration/org.eclipse.osgi/1143/0/.cp/lib/testng-remote.jar:/Users/AmarGattu/Documents/workspace/merchantSampleWebProject1/target/test-classes:/Users/AmarGattu/Documents/workspace/merchantSampleWebProject1/target/classes:/Users/AmarGattu/.m2/repository/junit/junit/4.11/junit-4.11.jar:/Users/AmarGattu/.m2/repository/org/hamcrest/hamcrest-core/1.3/hamcrest-core-1.3.jar:/Users/AmarGattu/.m2/repository/org/seleniumhq/selenium/selenium-java/3.13.0/selenium-java-3.13.0.jar:/Users/AmarGattu/.m2/repository/org/seleniumhq/selenium/selenium-api/3.13.0/selenium-api-3.13.0.jar:/Users/AmarGattu/.m2/repository/org/seleniumhq/selenium/selenium-chrome-driver/3.13.0/selenium-chrome-driver-3.13.0.jar:/Users/AmarGattu/.m2/repository/org/seleniumhq/selenium/selenium-edge-driver/3.13.0/selenium-edge-driver-3.13.0.jar:/Users/AmarGattu/.m2/repository/org/seleniumhq/selenium/selenium-firefox-driver/3.13.0/selenium-firefox-driver-3.13.0.jar:/Users/AmarGattu/.m2/repository/org/seleniumhq/selenium/selenium-ie-driver/3.13.0/selenium-ie-driver-3.13.0.jar:/Users/AmarGattu/.m2/repository/org/seleniumhq/selenium/selenium-opera-driver/3.13.0/selenium-opera-driver-3.13.0.jar:/Users/AmarGattu/.m2/repository/org/seleniumhq/selenium/selenium-remote-driver/3.13.0/selenium-remote-driver-3.13.0.jar:/Users/AmarGattu/.m2/repository/org/seleniumhq/selenium/selenium-safari-driver/3.13.0/selenium-safari-driver-3.13.0.jar:/Users/AmarGattu/.m2/repository/org/seleniumhq/selenium/selenium-support/3.13.0/selenium-support-3.13.0.jar:/Users/AmarGattu/.m2/repository/net/bytebuddy/byte-buddy/1.8.3/byte-buddy-1.8.3.jar:/Users/AmarGattu/.m2/repository/org/apache/commons/commons-exec/1.3/commons-exec-1.3.jar:/Users/AmarGattu/.m2/repository/commons-codec/commons-codec/1.10/commons-codec-1.10.jar:/Users/AmarGattu/.m2/repository/commons-logging/commons-logging/1.2/commons-logging-1.2.jar:/Users/AmarGattu/.m2/repository/com/google/code/gson/gson/2.8.4/gson-2.
Launcher Type: SUN_STANDARD

Environment Variables:
PATH=/usr/bin:/bin:/usr/sbin:/sbin
SHELL=/bin/bash
DISPLAY=/private/tmp/com.apple.launchd.3hwL0dDSmM/org.macosforge.xquartz:0

Signal Handlers:
SIGSEGV: [libjvm.dylib+0x57a0e7], sa_mask[0]=11111111011111110111111111111111, sa_flags=SA_ONSTACK|SA_RESTART|SA_SIGINFO
SIGBUS: [libjvm.dylib+0x57a0e7], sa_mask[0]=11111111011111110111111111111111, sa_flags=SA_RESTART|SA_SIGINFO
SIGFPE: [libjvm.dylib+0x45af24], sa_mask[0]=11111111011111110111111111111111, sa_flags=SA_RESTART|SA_SIGINFO
SIGPIPE: [libjvm.dylib+0x45af24], sa_mask[0]=11111111011111110111111111111111, sa_flags=SA_RESTART|SA_SIGINFO
SIGXFSZ: [libjvm.dylib+0x45af24], sa_mask[0]=11111111011111110111111111111111, sa_flags=SA_RESTART|SA_SIGINFO
SIGILL: [libjvm.dylib+0x45af24], sa_mask[0]=11111111011111110111111111111111, sa_flags=SA_RESTART|SA_SIGINFO
SIGUSR1: SIG_DFL, sa_mask[0]=00000000000000000000000000000000, sa_flags=none
SIGUSR2: [libjvm.dylib+0x45aa42], sa_mask[0]=00100000000000000000000000000000, sa_flags=SA_RESTART|SA_SIGINFO
SIGHUP: [libjvm.dylib+0x459015], sa_mask[0]=11111111011111110111111111111111, sa_flags=SA_RESTART|SA_SIGINFO
SIGINT: [libjvm.dylib+0x459015], sa_mask[0]=11111111011111110111111111111111, sa_flags=SA_RESTART|SA_SIGINFO
SIGTERM: [libjvm.dylib+0x459015], sa_mask[0]=11111111011111110111111111111111, sa_flags=SA_RESTART|SA_SIGINFO
SIGQUIT: [libjvm.dylib+0x459015], sa_mask[0]=11111111011111110111111111111111, sa_flags=SA_RESTART|SA_SIGINFO


---------------  S Y S T E M  ---------------

OS:Bsduname:Darwin 17.6.0 Darwin Kernel Version 17.6.0: Tue May  8 15:22:16 PDT 2018; root:xnu-4570.61.1~1/RELEASE_X86_64 x86_64
rlimit: STACK 8192k, CORE 0k, NPROC 709, NOFILE 10240, AS infinity
load average:1.67 1.81 1.96

CPU:total 4 (2 cores per cpu, 2 threads per core) family 6 model 69 stepping 1, cmov, cx8, fxsr, mmx, sse, sse2, sse3, ssse3, sse4.1, sse4.2, popcnt, avx, avx2, aes, clmul, erms, lzcnt, ht, tsc, tscinvbit, bmi1, bmi2

Memory: 4k page, physical 4194304k(18532k free)

/proc/meminfo:


vm_info: Java HotSpot(TM) 64-Bit Server VM (25.31-b07) for bsd-amd64 JRE (1.8.0_31-b13), built on Dec 17 2014 20:45:36 by "java_re" with gcc 4.2.1 (Based on Apple Inc. build 5658) (LLVM build 2336.11.00)

time: Sat Mar 16 19:56:58 2019
elapsed time: 1069 seconds (0d 0h 17m 49s)

